<?xml version="1.0" encoding="UTF-8"?>
<!-- Generated by org.testng.reporters.JUnitReportReporter -->
<testsuite hostname="CA-L1567M63" failures="0" tests="3" name="selenium.MyClass" time="0.008" errors="0" timestamp="2021-06-15T10:27:47 EDT" skipped="0">
  <testcase classname="selenium.MyClass" name="testItem" time="0.006"/>
  <system-out/>
  <testcase classname="selenium.MyClass" name="Application" time="0.001"/>
  <system-out/>
  <testcase classname="selenium.MyClass" name="checkOut" time="0.001"/>
  <system-out/>
</testsuite> <!-- selenium.MyClass -->
