<?xml version="1.0" encoding="UTF-8"?>
<!-- Generated by org.testng.reporters.JUnitReportReporter -->
<testsuite hostname="CA-L1567M63" failures="0" tests="1" name="com.wordpress.TestCases.verifyWordpressLogin" time="0.619" errors="0" timestamp="2021-06-25T14:04:08 EDT" skipped="0">
  <testcase classname="com.wordpress.TestCases.verifyWordpressLogin" name="verifyValidLogin" time="0.619"/>
  <system-out/>
</testsuite> <!-- com.wordpress.TestCases.verifyWordpressLogin -->
